The system is: Linux - 3.19.0-59-generic - x86_64
Compiling the C compiler identification source file "CMakeCCompilerId.c" succeeded.
Compiler: /usr/bin/gcc 
Build flags: 
Id flags: 

The output was:
0


Compilation of the C compiler identification source "CMakeCCompilerId.c" produced "a.out"

The C compiler identification is GNU, found in "/home/thiagohmb/Desktop/OpenGL/ICG-FINAL-PROJECT/build/CMakeFiles/3.2.2/CompilerIdC/a.out"

Compiling the CXX compiler identification source file "CMakeCXXCompilerId.cpp" succeeded.
Compiler: /usr/bin/g++ 
Build flags: 
Id flags: 

The output was:
0


Compilation of the CXX compiler identification source "CMakeCXXCompilerId.cpp" produced "a.out"

The CXX compiler identification is GNU, found in "/home/thiagohmb/Desktop/OpenGL/ICG-FINAL-PROJECT/build/CMakeFiles/3.2.2/CompilerIdCXX/a.out"

Determining if the C compiler works passed with the following output:
Change Dir: /home/thiagohmb/Desktop/OpenGL/ICG-FINAL-PROJECT/build/CMakeFiles/CMakeTmp

Run Build Command:"/usr/bin/make" "cmTryCompileExec2622393076/fast"
/usr/bin/make -f CMakeFiles/cmTryCompileExec2622393076.dir/build.make CMakeFiles/cmTryCompileExec2622393076.dir/build
make[1]: Entering directory `/home/thiagohmb/Desktop/OpenGL/ICG-FINAL-PROJECT/build/CMakeFiles/CMakeTmp'
/usr/bin/cmake -E cmake_progress_report /home/thiagohmb/Desktop/OpenGL/ICG-FINAL-PROJECT/build/CMakeFiles/CMakeTmp/CMakeFiles 1
Building C object CMakeFiles/cmTryCompileExec2622393076.dir/testCCompiler.c.o
/usr/bin/gcc    -o CMakeFiles/cmTryCompileExec2622393076.dir/testCCompiler.c.o   -c /home/thiagohmb/Desktop/OpenGL/ICG-FINAL-PROJECT/build/CMakeFiles/CMakeTmp/testCCompiler.c
Linking C executable cmTryCompileExec2622393076
/usr/bin/cmake -E cmake_link_script CMakeFiles/cmTryCompileExec2622393076.dir/link.txt --verbose=1
/usr/bin/gcc       CMakeFiles/cmTryCompileExec2622393076.dir/testCCompiler.c.o  -o cmTryCompileExec2622393076 -rdynamic 
make[1]: Leaving directory `/home/thiagohmb/Desktop/OpenGL/ICG-FINAL-PROJECT/build/CMakeFiles/CMakeTmp'


Detecting C compiler ABI info compiled with the following output:
Change Dir: /home/thiagohmb/Desktop/OpenGL/ICG-FINAL-PROJECT/build/CMakeFiles/CMakeTmp

Run Build Command:"/usr/bin/make" "cmTryCompileExec3115455675/fast"
/usr/bin/make -f CMakeFiles/cmTryCompileExec3115455675.dir/build.make CMakeFiles/cmTryCompileExec3115455675.dir/build
make[1]: Entering directory `/home/thiagohmb/Desktop/OpenGL/ICG-FINAL-PROJECT/build/CMakeFiles/CMakeTmp'
/usr/bin/cmake -E cmake_progress_report /home/thiagohmb/Desktop/OpenGL/ICG-FINAL-PROJECT/build/CMakeFiles/CMakeTmp/CMakeFiles 1
Building C object CMakeFiles/cmTryCompileExec3115455675.dir/CMakeCCompilerABI.c.o
/usr/bin/gcc    -o CMakeFiles/cmTryCompileExec3115455675.dir/CMakeCCompilerABI.c.o   -c /usr/share/cmake-3.2/Modules/CMakeCCompilerABI.c
Linking C executable cmTryCompileExec3115455675
/usr/bin/cmake -E cmake_link_script CMakeFiles/cmTryCompileExec3115455675.dir/link.txt --verbose=1
/usr/bin/gcc      -v CMakeFiles/cmTryCompileExec3115455675.dir/CMakeCCompilerABI.c.o  -o cmTryCompileExec3115455675 -rdynamic  
Using built-in specs.
COLLECT_GCC=/usr/bin/gcc
COLLECT_LTO_WRAPPER=/usr/lib/gcc/x86_64-linux-gnu/4.8/lto-wrapper
Target: x86_64-linux-gnu
Configured with: ../src/configure -v --with-pkgversion='Ubuntu 4.8.5-2ubuntu1~14.04.1' --with-bugurl=file:///usr/share/doc/gcc-4.8/README.Bugs --enable-languages=c,c++,java,go,d,fortran,objc,obj-c++ --prefix=/usr --program-suffix=-4.8 --enable-shared --enable-linker-build-id --libexecdir=/usr/lib --without-included-gettext --enable-threads=posix --with-gxx-include-dir=/usr/include/c++/4.8 --libdir=/usr/lib --enable-nls --with-sysroot=/ --enable-clocale=gnu --enable-libstdcxx-debug --enable-libstdcxx-time=yes --enable-gnu-unique-object --disable-libmudflap --enable-plugin --with-system-zlib --disable-browser-plugin --enable-java-awt=gtk --enable-gtk-cairo --with-java-home=/usr/lib/jvm/java-1.5.0-gcj-4.8-amd64/jre --enable-java-home --with-jvm-root-dir=/usr/lib/jvm/java-1.5.0-gcj-4.8-amd64 --with-jvm-jar-dir=/usr/lib/jvm-exports/java-1.5.0-gcj-4.8-amd64 --with-arch-directory=amd64 --with-ecj-jar=/usr/share/java/eclipse-ecj.jar --enable-objc-gc --enable-multiarch --disable-werror --with-arch-32=i686 --with-abi=m64 --with-multilib-list=m32,m64,mx32 --with-tune=generic --enable-checking=release --build=x86_64-linux-gnu --host=x86_64-linux-gnu --target=x86_64-linux-gnu
Thread model: posix
gcc version 4.8.5 (Ubuntu 4.8.5-2ubuntu1~14.04.1) 
COMPILER_PATH=/usr/lib/gcc/x86_64-linux-gnu/4.8/:/usr/lib/gcc/x86_64-linux-gnu/4.8/:/usr/lib/gcc/x86_64-linux-gnu/:/usr/lib/gcc/x86_64-linux-gnu/4.8/:/usr/lib/gcc/x86_64-linux-gnu/
LIBRARY_PATH=/usr/lib/gcc/x86_64-linux-gnu/4.8/:/usr/lib/gcc/x86_64-linux-gnu/4.8/../../../x86_64-linux-gnu/:/usr/lib/gcc/x86_64-linux-gnu/4.8/../../../../lib/:/lib/x86_64-linux-gnu/:/lib/../lib/:/usr/lib/x86_64-linux-gnu/:/usr/lib/../lib/:/usr/lib/gcc/x86_64-linux-gnu/4.8/../../../:/lib/:/usr/lib/
COLLECT_GCC_OPTIONS='-v' '-o' 'cmTryCompileExec3115455675' '-rdynamic' '-mtune=generic' '-march=x86-64'
 /usr/lib/gcc/x86_64-linux-gnu/4.8/collect2 --sysroot=/ --build-id --eh-frame-hdr -m elf_x86_64 --hash-style=gnu --as-needed -export-dynamic -dynamic-linker /lib64/ld-linux-x86-64.so.2 -z relro -o cmTryCompileExec3115455675 /usr/lib/gcc/x86_64-linux-gnu/4.8/../../../x86_64-linux-gnu/crt1.o /usr/lib/gcc/x86_64-linux-gnu/4.8/../../../x86_64-linux-gnu/crti.o /usr/lib/gcc/x86_64-linux-gnu/4.8/crtbegin.o -L/usr/lib/gcc/x86_64-linux-gnu/4.8 -L/usr/lib/gcc/x86_64-linux-gnu/4.8/../../../x86_64-linux-gnu -L/usr/lib/gcc/x86_64-linux-gnu/4.8/../../../../lib -L/lib/x86_64-linux-gnu -L/lib/../lib -L/usr/lib/x86_64-linux-gnu -L/usr/lib/../lib -L/usr/lib/gcc/x86_64-linux-gnu/4.8/../../.. CMakeFiles/cmTryCompileExec3115455675.dir/CMakeCCompilerABI.c.o -lgcc --as-needed -lgcc_s --no-as-needed -lc -lgcc --as-needed -lgcc_s --no-as-needed /usr/lib/gcc/x86_64-linux-gnu/4.8/crtend.o /usr/lib/gcc/x86_64-linux-gnu/4.8/../../../x86_64-linux-gnu/crtn.o
make[1]: Leaving directory `/home/thiagohmb/Desktop/OpenGL/ICG-FINAL-PROJECT/build/CMakeFiles/CMakeTmp'


Parsed C implicit link information from above output:
  link line regex: [^( *|.*[/\])(ld|([^/\]+-)?ld|collect2)[^/\]*( |$)]
  ignore line: [Change Dir: /home/thiagohmb/Desktop/OpenGL/ICG-FINAL-PROJECT/build/CMakeFiles/CMakeTmp]
  ignore line: []
  ignore line: [Run Build Command:"/usr/bin/make" "cmTryCompileExec3115455675/fast"]
  ignore line: [/usr/bin/make -f CMakeFiles/cmTryCompileExec3115455675.dir/build.make CMakeFiles/cmTryCompileExec3115455675.dir/build]
  ignore line: [make[1]: Entering directory `/home/thiagohmb/Desktop/OpenGL/ICG-FINAL-PROJECT/build/CMakeFiles/CMakeTmp']
  ignore line: [/usr/bin/cmake -E cmake_progress_report /home/thiagohmb/Desktop/OpenGL/ICG-FINAL-PROJECT/build/CMakeFiles/CMakeTmp/CMakeFiles 1]
  ignore line: [Building C object CMakeFiles/cmTryCompileExec3115455675.dir/CMakeCCompilerABI.c.o]
  ignore line: [/usr/bin/gcc    -o CMakeFiles/cmTryCompileExec3115455675.dir/CMakeCCompilerABI.c.o   -c /usr/share/cmake-3.2/Modules/CMakeCCompilerABI.c]
  ignore line: [Linking C executable cmTryCompileExec3115455675]
  ignore line: [/usr/bin/cmake -E cmake_link_script CMakeFiles/cmTryCompileExec3115455675.dir/link.txt --verbose=1]
  ignore line: [/usr/bin/gcc      -v CMakeFiles/cmTryCompileExec3115455675.dir/CMakeCCompilerABI.c.o  -o cmTryCompileExec3115455675 -rdynamic  ]
  ignore line: [Using built-in specs.]
  ignore line: [COLLECT_GCC=/usr/bin/gcc]
  ignore line: [COLLECT_LTO_WRAPPER=/usr/lib/gcc/x86_64-linux-gnu/4.8/lto-wrapper]
  ignore line: [Target: x86_64-linux-gnu]
  ignore line: [Configured with: ../src/configure -v --with-pkgversion='Ubuntu 4.8.5-2ubuntu1~14.04.1' --with-bugurl=file:///usr/share/doc/gcc-4.8/README.Bugs --enable-languages=c,c++,java,go,d,fortran,objc,obj-c++ --prefix=/usr --program-suffix=-4.8 --enable-shared --enable-linker-build-id --libexecdir=/usr/lib --without-included-gettext --enable-threads=posix --with-gxx-include-dir=/usr/include/c++/4.8 --libdir=/usr/lib --enable-nls --with-sysroot=/ --enable-clocale=gnu --enable-libstdcxx-debug --enable-libstdcxx-time=yes --enable-gnu-unique-object --disable-libmudflap --enable-plugin --with-system-zlib --disable-browser-plugin --enable-java-awt=gtk --enable-gtk-cairo --with-java-home=/usr/lib/jvm/java-1.5.0-gcj-4.8-amd64/jre --enable-java-home --with-jvm-root-dir=/usr/lib/jvm/java-1.5.0-gcj-4.8-amd64 --with-jvm-jar-dir=/usr/lib/jvm-exports/java-1.5.0-gcj-4.8-amd64 --with-arch-directory=amd64 --with-ecj-jar=/usr/share/java/eclipse-ecj.jar --enable-objc-gc --enable-multiarch --disable-werror --with-arch-32=i686 --with-abi=m64 --with-multilib-list=m32,m64,mx32 --with-tune=generic --enable-checking=release --build=x86_64-linux-gnu --host=x86_64-linux-gnu --target=x86_64-linux-gnu]
  ignore line: [Thread model: posix]
  ignore line: [gcc version 4.8.5 (Ubuntu 4.8.5-2ubuntu1~14.04.1) ]
  ignore line: [COMPILER_PATH=/usr/lib/gcc/x86_64-linux-gnu/4.8/:/usr/lib/gcc/x86_64-linux-gnu/4.8/:/usr/lib/gcc/x86_64-linux-gnu/:/usr/lib/gcc/x86_64-linux-gnu/4.8/:/usr/lib/gcc/x86_64-linux-gnu/]
  ignore line: [LIBRARY_PATH=/usr/lib/gcc/x86_64-linux-gnu/4.8/:/usr/lib/gcc/x86_64-linux-gnu/4.8/../../../x86_64-linux-gnu/:/usr/lib/gcc/x86_64-linux-gnu/4.8/../../../../lib/:/lib/x86_64-linux-gnu/:/lib/../lib/:/usr/lib/x86_64-linux-gnu/:/usr/lib/../lib/:/usr/lib/gcc/x86_64-linux-gnu/4.8/../../../:/lib/:/usr/lib/]
  ignore line: [COLLECT_GCC_OPTIONS='-v' '-o' 'cmTryCompileExec3115455675' '-rdynamic' '-mtune=generic' '-march=x86-64']
  link line: [ /usr/lib/gcc/x86_64-linux-gnu/4.8/collect2 --sysroot=/ --build-id --eh-frame-hdr -m elf_x86_64 --hash-style=gnu --as-needed -export-dynamic -dynamic-linker /lib64/ld-linux-x86-64.so.2 -z relro -o cmTryCompileExec3115455675 /usr/lib/gcc/x86_64-linux-gnu/4.8/../../../x86_64-linux-gnu/crt1.o /usr/lib/gcc/x86_64-linux-gnu/4.8/../../../x86_64-linux-gnu/crti.o /usr/lib/gcc/x86_64-linux-gnu/4.8/crtbegin.o -L/usr/lib/gcc/x86_64-linux-gnu/4.8 -L/usr/lib/gcc/x86_64-linux-gnu/4.8/../../../x86_64-linux-gnu -L/usr/lib/gcc/x86_64-linux-gnu/4.8/../../../../lib -L/lib/x86_64-linux-gnu -L/lib/../lib -L/usr/lib/x86_64-linux-gnu -L/usr/lib/../lib -L/usr/lib/gcc/x86_64-linux-gnu/4.8/../../.. CMakeFiles/cmTryCompileExec3115455675.dir/CMakeCCompilerABI.c.o -lgcc --as-needed -lgcc_s --no-as-needed -lc -lgcc --as-needed -lgcc_s --no-as-needed /usr/lib/gcc/x86_64-linux-gnu/4.8/crtend.o /usr/lib/gcc/x86_64-linux-gnu/4.8/../../../x86_64-linux-gnu/crtn.o]
    arg [/usr/lib/gcc/x86_64-linux-gnu/4.8/collect2] ==> ignore
    arg [--sysroot=/] ==> ignore
    arg [--build-id] ==> ignore
    arg [--eh-frame-hdr] ==> ignore
    arg [-m] ==> ignore
    arg [elf_x86_64] ==> ignore
    arg [--hash-style=gnu] ==> ignore
    arg [--as-needed] ==> ignore
    arg [-export-dynamic] ==> ignore
    arg [-dynamic-linker] ==> ignore
    arg [/lib64/ld-linux-x86-64.so.2] ==> ignore
    arg [-zrelro] ==> ignore
    arg [-o] ==> ignore
    arg [cmTryCompileExec3115455675] ==> ignore
    arg [/usr/lib/gcc/x86_64-linux-gnu/4.8/../../../x86_64-linux-gnu/crt1.o] ==> ignore
    arg [/usr/lib/gcc/x86_64-linux-gnu/4.8/../../../x86_64-linux-gnu/crti.o] ==> ignore
    arg [/usr/lib/gcc/x86_64-linux-gnu/4.8/crtbegin.o] ==> ignore
    arg [-L/usr/lib/gcc/x86_64-linux-gnu/4.8] ==> dir [/usr/lib/gcc/x86_64-linux-gnu/4.8]
    arg [-L/usr/lib/gcc/x86_64-linux-gnu/4.8/../../../x86_64-linux-gnu] ==> dir [/usr/lib/gcc/x86_64-linux-gnu/4.8/../../../x86_64-linux-gnu]
    arg [-L/usr/lib/gcc/x86_64-linux-gnu/4.8/../../../../lib] ==> dir [/usr/lib/gcc/x86_64-linux-gnu/4.8/../../../../lib]
    arg [-L/lib/x86_64-linux-gnu] ==> dir [/lib/x86_64-linux-gnu]
    arg [-L/lib/../lib] ==> dir [/lib/../lib]
    arg [-L/usr/lib/x86_64-linux-gnu] ==> dir [/usr/lib/x86_64-linux-gnu]
    arg [-L/usr/lib/../lib] ==> dir [/usr/lib/../lib]
    arg [-L/usr/lib/gcc/x86_64-linux-gnu/4.8/../../..] ==> dir [/usr/lib/gcc/x86_64-linux-gnu/4.8/../../..]
    arg [CMakeFiles/cmTryCompileExec3115455675.dir/CMakeCCompilerABI.c.o] ==> ignore
    arg [-lgcc] ==> lib [gcc]
    arg [--as-needed] ==> ignore
    arg [-lgcc_s] ==> lib [gcc_s]
    arg [--no-as-needed] ==> ignore
    arg [-lc] ==> lib [c]
    arg [-lgcc] ==> lib [gcc]
    arg [--as-needed] ==> ignore
    arg [-lgcc_s] ==> lib [gcc_s]
    arg [--no-as-needed] ==> ignore
    arg [/usr/lib/gcc/x86_64-linux-gnu/4.8/crtend.o] ==> ignore
    arg [/usr/lib/gcc/x86_64-linux-gnu/4.8/../../../x86_64-linux-gnu/crtn.o] ==> ignore
  remove lib [gcc]
  remove lib [gcc_s]
  remove lib [gcc]
  remove lib [gcc_s]
  collapse library dir [/usr/lib/gcc/x86_64-linux-gnu/4.8] ==> [/usr/lib/gcc/x86_64-linux-gnu/4.8]
  collapse library dir [/usr/lib/gcc/x86_64-linux-gnu/4.8/../../../x86_64-linux-gnu] ==> [/usr/lib/x86_64-linux-gnu]
  collapse library dir [/usr/lib/gcc/x86_64-linux-gnu/4.8/../../../../lib] ==> [/usr/lib]
  collapse library dir [/lib/x86_64-linux-gnu] ==> [/lib/x86_64-linux-gnu]
  collapse library dir [/lib/../lib] ==> [/lib]
  collapse library dir [/usr/lib/x86_64-linux-gnu] ==> [/usr/lib/x86_64-linux-gnu]
  collapse library dir [/usr/lib/../lib] ==> [/usr/lib]
  collapse library dir [/usr/lib/gcc/x86_64-linux-gnu/4.8/../../..] ==> [/usr/lib]
  implicit libs: [c]
  implicit dirs: [/usr/lib/gcc/x86_64-linux-gnu/4.8;/usr/lib/x86_64-linux-gnu;/usr/lib;/lib/x86_64-linux-gnu;/lib]
  implicit fwks: []




Detecting C [-std=c11] compiler features compiled with the following output:
Change Dir: /home/thiagohmb/Desktop/OpenGL/ICG-FINAL-PROJECT/build/CMakeFiles/CMakeTmp

Run Build Command:"/usr/bin/make" "cmTryCompileExec871412359/fast"
/usr/bin/make -f CMakeFiles/cmTryCompileExec871412359.dir/build.make CMakeFiles/cmTryCompileExec871412359.dir/build
make[1]: Entering directory `/home/thiagohmb/Desktop/OpenGL/ICG-FINAL-PROJECT/build/CMakeFiles/CMakeTmp'
/usr/bin/cmake -E cmake_progress_report /home/thiagohmb/Desktop/OpenGL/ICG-FINAL-PROJECT/build/CMakeFiles/CMakeTmp/CMakeFiles 1
Building C object CMakeFiles/cmTryCompileExec871412359.dir/feature_tests.c.o
/usr/bin/gcc   -std=c11 -o CMakeFiles/cmTryCompileExec871412359.dir/feature_tests.c.o   -c /home/thiagohmb/Desktop/OpenGL/ICG-FINAL-PROJECT/build/CMakeFiles/feature_tests.c
Linking C executable cmTryCompileExec871412359
/usr/bin/cmake -E cmake_link_script CMakeFiles/cmTryCompileExec871412359.dir/link.txt --verbose=1
/usr/bin/gcc       CMakeFiles/cmTryCompileExec871412359.dir/feature_tests.c.o  -o cmTryCompileExec871412359 -rdynamic 
make[1]: Leaving directory `/home/thiagohmb/Desktop/OpenGL/ICG-FINAL-PROJECT/build/CMakeFiles/CMakeTmp'


    Feature record: C_FEATURE:1c_function_prototypes
    Feature record: C_FEATURE:1c_restrict
    Feature record: C_FEATURE:1c_static_assert
    Feature record: C_FEATURE:1c_variadic_macros


Detecting C [-std=c99] compiler features compiled with the following output:
Change Dir: /home/thiagohmb/Desktop/OpenGL/ICG-FINAL-PROJECT/build/CMakeFiles/CMakeTmp

Run Build Command:"/usr/bin/make" "cmTryCompileExec872746665/fast"
/usr/bin/make -f CMakeFiles/cmTryCompileExec872746665.dir/build.make CMakeFiles/cmTryCompileExec872746665.dir/build
make[1]: Entering directory `/home/thiagohmb/Desktop/OpenGL/ICG-FINAL-PROJECT/build/CMakeFiles/CMakeTmp'
/usr/bin/cmake -E cmake_progress_report /home/thiagohmb/Desktop/OpenGL/ICG-FINAL-PROJECT/build/CMakeFiles/CMakeTmp/CMakeFiles 1
Building C object CMakeFiles/cmTryCompileExec872746665.dir/feature_tests.c.o
/usr/bin/gcc   -std=c99 -o CMakeFiles/cmTryCompileExec872746665.dir/feature_tests.c.o   -c /home/thiagohmb/Desktop/OpenGL/ICG-FINAL-PROJECT/build/CMakeFiles/feature_tests.c
Linking C executable cmTryCompileExec872746665
/usr/bin/cmake -E cmake_link_script CMakeFiles/cmTryCompileExec872746665.dir/link.txt --verbose=1
/usr/bin/gcc       CMakeFiles/cmTryCompileExec872746665.dir/feature_tests.c.o  -o cmTryCompileExec872746665 -rdynamic 
make[1]: Leaving directory `/home/thiagohmb/Desktop/OpenGL/ICG-FINAL-PROJECT/build/CMakeFiles/CMakeTmp'


    Feature record: C_FEATURE:1c_function_prototypes
    Feature record: C_FEATURE:1c_restrict
    Feature record: C_FEATURE:0c_static_assert
    Feature record: C_FEATURE:1c_variadic_macros


Detecting C [-std=c90] compiler features compiled with the following output:
Change Dir: /home/thiagohmb/Desktop/OpenGL/ICG-FINAL-PROJECT/build/CMakeFiles/CMakeTmp

Run Build Command:"/usr/bin/make" "cmTryCompileExec1947458325/fast"
/usr/bin/make -f CMakeFiles/cmTryCompileExec1947458325.dir/build.make CMakeFiles/cmTryCompileExec1947458325.dir/build
make[1]: Entering directory `/home/thiagohmb/Desktop/OpenGL/ICG-FINAL-PROJECT/build/CMakeFiles/CMakeTmp'
/usr/bin/cmake -E cmake_progress_report /home/thiagohmb/Desktop/OpenGL/ICG-FINAL-PROJECT/build/CMakeFiles/CMakeTmp/CMakeFiles 1
Building C object CMakeFiles/cmTryCompileExec1947458325.dir/feature_tests.c.o
/usr/bin/gcc   -std=c90 -o CMakeFiles/cmTryCompileExec1947458325.dir/feature_tests.c.o   -c /home/thiagohmb/Desktop/OpenGL/ICG-FINAL-PROJECT/build/CMakeFiles/feature_tests.c
Linking C executable cmTryCompileExec1947458325
/usr/bin/cmake -E cmake_link_script CMakeFiles/cmTryCompileExec1947458325.dir/link.txt --verbose=1
/usr/bin/gcc       CMakeFiles/cmTryCompileExec1947458325.dir/feature_tests.c.o  -o cmTryCompileExec1947458325 -rdynamic 
make[1]: Leaving directory `/home/thiagohmb/Desktop/OpenGL/ICG-FINAL-PROJECT/build/CMakeFiles/CMakeTmp'


    Feature record: C_FEATURE:1c_function_prototypes
    Feature record: C_FEATURE:0c_restrict
    Feature record: C_FEATURE:0c_static_assert
    Feature record: C_FEATURE:0c_variadic_macros
Determining if the CXX compiler works passed with the following output:
Change Dir: /home/thiagohmb/Desktop/OpenGL/ICG-FINAL-PROJECT/build/CMakeFiles/CMakeTmp

Run Build Command:"/usr/bin/make" "cmTryCompileExec2856987131/fast"
/usr/bin/make -f CMakeFiles/cmTryCompileExec2856987131.dir/build.make CMakeFiles/cmTryCompileExec2856987131.dir/build
make[1]: Entering directory `/home/thiagohmb/Desktop/OpenGL/ICG-FINAL-PROJECT/build/CMakeFiles/CMakeTmp'
/usr/bin/cmake -E cmake_progress_report /home/thiagohmb/Desktop/OpenGL/ICG-FINAL-PROJECT/build/CMakeFiles/CMakeTmp/CMakeFiles 1
Building CXX object CMakeFiles/cmTryCompileExec2856987131.dir/testCXXCompiler.cxx.o
/usr/bin/g++     -o CMakeFiles/cmTryCompileExec2856987131.dir/testCXXCompiler.cxx.o -c /home/thiagohmb/Desktop/OpenGL/ICG-FINAL-PROJECT/build/CMakeFiles/CMakeTmp/testCXXCompiler.cxx
Linking CXX executable cmTryCompileExec2856987131
/usr/bin/cmake -E cmake_link_script CMakeFiles/cmTryCompileExec2856987131.dir/link.txt --verbose=1
/usr/bin/g++        CMakeFiles/cmTryCompileExec2856987131.dir/testCXXCompiler.cxx.o  -o cmTryCompileExec2856987131 -rdynamic 
make[1]: Leaving directory `/home/thiagohmb/Desktop/OpenGL/ICG-FINAL-PROJECT/build/CMakeFiles/CMakeTmp'


Detecting CXX compiler ABI info compiled with the following output:
Change Dir: /home/thiagohmb/Desktop/OpenGL/ICG-FINAL-PROJECT/build/CMakeFiles/CMakeTmp

Run Build Command:"/usr/bin/make" "cmTryCompileExec2930449472/fast"
/usr/bin/make -f CMakeFiles/cmTryCompileExec2930449472.dir/build.make CMakeFiles/cmTryCompileExec2930449472.dir/build
make[1]: Entering directory `/home/thiagohmb/Desktop/OpenGL/ICG-FINAL-PROJECT/build/CMakeFiles/CMakeTmp'
/usr/bin/cmake -E cmake_progress_report /home/thiagohmb/Desktop/OpenGL/ICG-FINAL-PROJECT/build/CMakeFiles/CMakeTmp/CMakeFiles 1
Building CXX object CMakeFiles/cmTryCompileExec2930449472.dir/CMakeCXXCompilerABI.cpp.o
/usr/bin/g++     -o CMakeFiles/cmTryCompileExec2930449472.dir/CMakeCXXCompilerABI.cpp.o -c /usr/share/cmake-3.2/Modules/CMakeCXXCompilerABI.cpp
Linking CXX executable cmTryCompileExec2930449472
/usr/bin/cmake -E cmake_link_script CMakeFiles/cmTryCompileExec2930449472.dir/link.txt --verbose=1
/usr/bin/g++       -v CMakeFiles/cmTryCompileExec2930449472.dir/CMakeCXXCompilerABI.cpp.o  -o cmTryCompileExec2930449472 -rdynamic  
Using built-in specs.
COLLECT_GCC=/usr/bin/g++
COLLECT_LTO_WRAPPER=/usr/lib/gcc/x86_64-linux-gnu/4.8/lto-wrapper
Target: x86_64-linux-gnu
Configured with: ../src/configure -v --with-pkgversion='Ubuntu 4.8.5-2ubuntu1~14.04.1' --with-bugurl=file:///usr/share/doc/gcc-4.8/README.Bugs --enable-languages=c,c++,java,go,d,fortran,objc,obj-c++ --prefix=/usr --program-suffix=-4.8 --enable-shared --enable-linker-build-id --libexecdir=/usr/lib --without-included-gettext --enable-threads=posix --with-gxx-include-dir=/usr/include/c++/4.8 --libdir=/usr/lib --enable-nls --with-sysroot=/ --enable-clocale=gnu --enable-libstdcxx-debug --enable-libstdcxx-time=yes --enable-gnu-unique-object --disable-libmudflap --enable-plugin --with-system-zlib --disable-browser-plugin --enable-java-awt=gtk --enable-gtk-cairo --with-java-home=/usr/lib/jvm/java-1.5.0-gcj-4.8-amd64/jre --enable-java-home --with-jvm-root-dir=/usr/lib/jvm/java-1.5.0-gcj-4.8-amd64 --with-jvm-jar-dir=/usr/lib/jvm-exports/java-1.5.0-gcj-4.8-amd64 --with-arch-directory=amd64 --with-ecj-jar=/usr/share/java/eclipse-ecj.jar --enable-objc-gc --enable-multiarch --disable-werror --with-arch-32=i686 --with-abi=m64 --with-multilib-list=m32,m64,mx32 --with-tune=generic --enable-checking=release --build=x86_64-linux-gnu --host=x86_64-linux-gnu --target=x86_64-linux-gnu
Thread model: posix
gcc version 4.8.5 (Ubuntu 4.8.5-2ubuntu1~14.04.1) 
COMPILER_PATH=/usr/lib/gcc/x86_64-linux-gnu/4.8/:/usr/lib/gcc/x86_64-linux-gnu/4.8/:/usr/lib/gcc/x86_64-linux-gnu/:/usr/lib/gcc/x86_64-linux-gnu/4.8/:/usr/lib/gcc/x86_64-linux-gnu/
LIBRARY_PATH=/usr/lib/gcc/x86_64-linux-gnu/4.8/:/usr/lib/gcc/x86_64-linux-gnu/4.8/../../../x86_64-linux-gnu/:/usr/lib/gcc/x86_64-linux-gnu/4.8/../../../../lib/:/lib/x86_64-linux-gnu/:/lib/../lib/:/usr/lib/x86_64-linux-gnu/:/usr/lib/../lib/:/usr/lib/gcc/x86_64-linux-gnu/4.8/../../../:/lib/:/usr/lib/
COLLECT_GCC_OPTIONS='-v' '-o' 'cmTryCompileExec2930449472' '-rdynamic' '-shared-libgcc' '-mtune=generic' '-march=x86-64'
 /usr/lib/gcc/x86_64-linux-gnu/4.8/collect2 --sysroot=/ --build-id --eh-frame-hdr -m elf_x86_64 --hash-style=gnu --as-needed -export-dynamic -dynamic-linker /lib64/ld-linux-x86-64.so.2 -z relro -o cmTryCompileExec2930449472 /usr/lib/gcc/x86_64-linux-gnu/4.8/../../../x86_64-linux-gnu/crt1.o /usr/lib/gcc/x86_64-linux-gnu/4.8/../../../x86_64-linux-gnu/crti.o /usr/lib/gcc/x86_64-linux-gnu/4.8/crtbegin.o -L/usr/lib/gcc/x86_64-linux-gnu/4.8 -L/usr/lib/gcc/x86_64-linux-gnu/4.8/../../../x86_64-linux-gnu -L/usr/lib/gcc/x86_64-linux-gnu/4.8/../../../../lib -L/lib/x86_64-linux-gnu -L/lib/../lib -L/usr/lib/x86_64-linux-gnu -L/usr/lib/../lib -L/usr/lib/gcc/x86_64-linux-gnu/4.8/../../.. CMakeFiles/cmTryCompileExec2930449472.dir/CMakeCXXCompilerABI.cpp.o -lstdc++ -lm -lgcc_s -lgcc -lc -lgcc_s -lgcc /usr/lib/gcc/x86_64-linux-gnu/4.8/crtend.o /usr/lib/gcc/x86_64-linux-gnu/4.8/../../../x86_64-linux-gnu/crtn.o
make[1]: Leaving directory `/home/thiagohmb/Desktop/OpenGL/ICG-FINAL-PROJECT/build/CMakeFiles/CMakeTmp'


Parsed CXX implicit link information from above output:
  link line regex: [^( *|.*[/\])(ld|([^/\]+-)?ld|collect2)[^/\]*( |$)]
  ignore line: [Change Dir: /home/thiagohmb/Desktop/OpenGL/ICG-FINAL-PROJECT/build/CMakeFiles/CMakeTmp]
  ignore line: []
  ignore line: [Run Build Command:"/usr/bin/make" "cmTryCompileExec2930449472/fast"]
  ignore line: [/usr/bin/make -f CMakeFiles/cmTryCompileExec2930449472.dir/build.make CMakeFiles/cmTryCompileExec2930449472.dir/build]
  ignore line: [make[1]: Entering directory `/home/thiagohmb/Desktop/OpenGL/ICG-FINAL-PROJECT/build/CMakeFiles/CMakeTmp']
  ignore line: [/usr/bin/cmake -E cmake_progress_report /home/thiagohmb/Desktop/OpenGL/ICG-FINAL-PROJECT/build/CMakeFiles/CMakeTmp/CMakeFiles 1]
  ignore line: [Building CXX object CMakeFiles/cmTryCompileExec2930449472.dir/CMakeCXXCompilerABI.cpp.o]
  ignore line: [/usr/bin/g++     -o CMakeFiles/cmTryCompileExec2930449472.dir/CMakeCXXCompilerABI.cpp.o -c /usr/share/cmake-3.2/Modules/CMakeCXXCompilerABI.cpp]
  ignore line: [Linking CXX executable cmTryCompileExec2930449472]
  ignore line: [/usr/bin/cmake -E cmake_link_script CMakeFiles/cmTryCompileExec2930449472.dir/link.txt --verbose=1]
  ignore line: [/usr/bin/g++       -v CMakeFiles/cmTryCompileExec2930449472.dir/CMakeCXXCompilerABI.cpp.o  -o cmTryCompileExec2930449472 -rdynamic  ]
  ignore line: [Using built-in specs.]
  ignore line: [COLLECT_GCC=/usr/bin/g++]
  ignore line: [COLLECT_LTO_WRAPPER=/usr/lib/gcc/x86_64-linux-gnu/4.8/lto-wrapper]
  ignore line: [Target: x86_64-linux-gnu]
  ignore line: [Configured with: ../src/configure -v --with-pkgversion='Ubuntu 4.8.5-2ubuntu1~14.04.1' --with-bugurl=file:///usr/share/doc/gcc-4.8/README.Bugs --enable-languages=c,c++,java,go,d,fortran,objc,obj-c++ --prefix=/usr --program-suffix=-4.8 --enable-shared --enable-linker-build-id --libexecdir=/usr/lib --without-included-gettext --enable-threads=posix --with-gxx-include-dir=/usr/include/c++/4.8 --libdir=/usr/lib --enable-nls --with-sysroot=/ --enable-clocale=gnu --enable-libstdcxx-debug --enable-libstdcxx-time=yes --enable-gnu-unique-object --disable-libmudflap --enable-plugin --with-system-zlib --disable-browser-plugin --enable-java-awt=gtk --enable-gtk-cairo --with-java-home=/usr/lib/jvm/java-1.5.0-gcj-4.8-amd64/jre --enable-java-home --with-jvm-root-dir=/usr/lib/jvm/java-1.5.0-gcj-4.8-amd64 --with-jvm-jar-dir=/usr/lib/jvm-exports/java-1.5.0-gcj-4.8-amd64 --with-arch-directory=amd64 --with-ecj-jar=/usr/share/java/eclipse-ecj.jar --enable-objc-gc --enable-multiarch --disable-werror --with-arch-32=i686 --with-abi=m64 --with-multilib-list=m32,m64,mx32 --with-tune=generic --enable-checking=release --build=x86_64-linux-gnu --host=x86_64-linux-gnu --target=x86_64-linux-gnu]
  ignore line: [Thread model: posix]
  ignore line: [gcc version 4.8.5 (Ubuntu 4.8.5-2ubuntu1~14.04.1) ]
  ignore line: [COMPILER_PATH=/usr/lib/gcc/x86_64-linux-gnu/4.8/:/usr/lib/gcc/x86_64-linux-gnu/4.8/:/usr/lib/gcc/x86_64-linux-gnu/:/usr/lib/gcc/x86_64-linux-gnu/4.8/:/usr/lib/gcc/x86_64-linux-gnu/]
  ignore line: [LIBRARY_PATH=/usr/lib/gcc/x86_64-linux-gnu/4.8/:/usr/lib/gcc/x86_64-linux-gnu/4.8/../../../x86_64-linux-gnu/:/usr/lib/gcc/x86_64-linux-gnu/4.8/../../../../lib/:/lib/x86_64-linux-gnu/:/lib/../lib/:/usr/lib/x86_64-linux-gnu/:/usr/lib/../lib/:/usr/lib/gcc/x86_64-linux-gnu/4.8/../../../:/lib/:/usr/lib/]
  ignore line: [COLLECT_GCC_OPTIONS='-v' '-o' 'cmTryCompileExec2930449472' '-rdynamic' '-shared-libgcc' '-mtune=generic' '-march=x86-64']
  link line: [ /usr/lib/gcc/x86_64-linux-gnu/4.8/collect2 --sysroot=/ --build-id --eh-frame-hdr -m elf_x86_64 --hash-style=gnu --as-needed -export-dynamic -dynamic-linker /lib64/ld-linux-x86-64.so.2 -z relro -o cmTryCompileExec2930449472 /usr/lib/gcc/x86_64-linux-gnu/4.8/../../../x86_64-linux-gnu/crt1.o /usr/lib/gcc/x86_64-linux-gnu/4.8/../../../x86_64-linux-gnu/crti.o /usr/lib/gcc/x86_64-linux-gnu/4.8/crtbegin.o -L/usr/lib/gcc/x86_64-linux-gnu/4.8 -L/usr/lib/gcc/x86_64-linux-gnu/4.8/../../../x86_64-linux-gnu -L/usr/lib/gcc/x86_64-linux-gnu/4.8/../../../../lib -L/lib/x86_64-linux-gnu -L/lib/../lib -L/usr/lib/x86_64-linux-gnu -L/usr/lib/../lib -L/usr/lib/gcc/x86_64-linux-gnu/4.8/../../.. CMakeFiles/cmTryCompileExec2930449472.dir/CMakeCXXCompilerABI.cpp.o -lstdc++ -lm -lgcc_s -lgcc -lc -lgcc_s -lgcc /usr/lib/gcc/x86_64-linux-gnu/4.8/crtend.o /usr/lib/gcc/x86_64-linux-gnu/4.8/../../../x86_64-linux-gnu/crtn.o]
    arg [/usr/lib/gcc/x86_64-linux-gnu/4.8/collect2] ==> ignore
    arg [--sysroot=/] ==> ignore
    arg [--build-id] ==> ignore
    arg [--eh-frame-hdr] ==> ignore
    arg [-m] ==> ignore
    arg [elf_x86_64] ==> ignore
    arg [--hash-style=gnu] ==> ignore
    arg [--as-needed] ==> ignore
    arg [-export-dynamic] ==> ignore
    arg [-dynamic-linker] ==> ignore
    arg [/lib64/ld-linux-x86-64.so.2] ==> ignore
    arg [-zrelro] ==> ignore
    arg [-o] ==> ignore
    arg [cmTryCompileExec2930449472] ==> ignore
    arg [/usr/lib/gcc/x86_64-linux-gnu/4.8/../../../x86_64-linux-gnu/crt1.o] ==> ignore
    arg [/usr/lib/gcc/x86_64-linux-gnu/4.8/../../../x86_64-linux-gnu/crti.o] ==> ignore
    arg [/usr/lib/gcc/x86_64-linux-gnu/4.8/crtbegin.o] ==> ignore
    arg [-L/usr/lib/gcc/x86_64-linux-gnu/4.8] ==> dir [/usr/lib/gcc/x86_64-linux-gnu/4.8]
    arg [-L/usr/lib/gcc/x86_64-linux-gnu/4.8/../../../x86_64-linux-gnu] ==> dir [/usr/lib/gcc/x86_64-linux-gnu/4.8/../../../x86_64-linux-gnu]
    arg [-L/usr/lib/gcc/x86_64-linux-gnu/4.8/../../../../lib] ==> dir [/usr/lib/gcc/x86_64-linux-gnu/4.8/../../../../lib]
    arg [-L/lib/x86_64-linux-gnu] ==> dir [/lib/x86_64-linux-gnu]
    arg [-L/lib/../lib] ==> dir [/lib/../lib]
    arg [-L/usr/lib/x86_64-linux-gnu] ==> dir [/usr/lib/x86_64-linux-gnu]
    arg [-L/usr/lib/../lib] ==> dir [/usr/lib/../lib]
    arg [-L/usr/lib/gcc/x86_64-linux-gnu/4.8/../../..] ==> dir [/usr/lib/gcc/x86_64-linux-gnu/4.8/../../..]
    arg [CMakeFiles/cmTryCompileExec2930449472.dir/CMakeCXXCompilerABI.cpp.o] ==> ignore
    arg [-lstdc++] ==> lib [stdc++]
    arg [-lm] ==> lib [m]
    arg [-lgcc_s] ==> lib [gcc_s]
    arg [-lgcc] ==> lib [gcc]
    arg [-lc] ==> lib [c]
    arg [-lgcc_s] ==> lib [gcc_s]
    arg [-lgcc] ==> lib [gcc]
    arg [/usr/lib/gcc/x86_64-linux-gnu/4.8/crtend.o] ==> ignore
    arg [/usr/lib/gcc/x86_64-linux-gnu/4.8/../../../x86_64-linux-gnu/crtn.o] ==> ignore
  remove lib [gcc_s]
  remove lib [gcc]
  remove lib [gcc_s]
  remove lib [gcc]
  collapse library dir [/usr/lib/gcc/x86_64-linux-gnu/4.8] ==> [/usr/lib/gcc/x86_64-linux-gnu/4.8]
  collapse library dir [/usr/lib/gcc/x86_64-linux-gnu/4.8/../../../x86_64-linux-gnu] ==> [/usr/lib/x86_64-linux-gnu]
  collapse library dir [/usr/lib/gcc/x86_64-linux-gnu/4.8/../../../../lib] ==> [/usr/lib]
  collapse library dir [/lib/x86_64-linux-gnu] ==> [/lib/x86_64-linux-gnu]
  collapse library dir [/lib/../lib] ==> [/lib]
  collapse library dir [/usr/lib/x86_64-linux-gnu] ==> [/usr/lib/x86_64-linux-gnu]
  collapse library dir [/usr/lib/../lib] ==> [/usr/lib]
  collapse library dir [/usr/lib/gcc/x86_64-linux-gnu/4.8/../../..] ==> [/usr/lib]
  implicit libs: [stdc++;m;c]
  implicit dirs: [/usr/lib/gcc/x86_64-linux-gnu/4.8;/usr/lib/x86_64-linux-gnu;/usr/lib;/lib/x86_64-linux-gnu;/lib]
  implicit fwks: []




Detecting CXX [-std=c++1y] compiler features compiled with the following output:
Change Dir: /home/thiagohmb/Desktop/OpenGL/ICG-FINAL-PROJECT/build/CMakeFiles/CMakeTmp

Run Build Command:"/usr/bin/make" "cmTryCompileExec359116577/fast"
/usr/bin/make -f CMakeFiles/cmTryCompileExec359116577.dir/build.make CMakeFiles/cmTryCompileExec359116577.dir/build
make[1]: Entering directory `/home/thiagohmb/Desktop/OpenGL/ICG-FINAL-PROJECT/build/CMakeFiles/CMakeTmp'
/usr/bin/cmake -E cmake_progress_report /home/thiagohmb/Desktop/OpenGL/ICG-FINAL-PROJECT/build/CMakeFiles/CMakeTmp/CMakeFiles 1
Building CXX object CMakeFiles/cmTryCompileExec359116577.dir/feature_tests.cxx.o
/usr/bin/g++    -std=c++1y -o CMakeFiles/cmTryCompileExec359116577.dir/feature_tests.cxx.o -c /home/thiagohmb/Desktop/OpenGL/ICG-FINAL-PROJECT/build/CMakeFiles/feature_tests.cxx
Linking CXX executable cmTryCompileExec359116577
/usr/bin/cmake -E cmake_link_script CMakeFiles/cmTryCompileExec359116577.dir/link.txt --verbose=1
/usr/bin/g++        CMakeFiles/cmTryCompileExec359116577.dir/feature_tests.cxx.o  -o cmTryCompileExec359116577 -rdynamic 
make[1]: Leaving directory `/home/thiagohmb/Desktop/OpenGL/ICG-FINAL-PROJECT/build/CMakeFiles/CMakeTmp'


    Feature record: CXX_FEATURE:0cxx_aggregate_default_initializers
    Feature record: CXX_FEATURE:1cxx_alias_templates
    Feature record: CXX_FEATURE:1cxx_alignas
    Feature record: CXX_FEATURE:1cxx_alignof
    Feature record: CXX_FEATURE:1cxx_attributes
    Feature record: CXX_FEATURE:0cxx_attribute_deprecated
    Feature record: CXX_FEATURE:1cxx_auto_type
    Feature record: CXX_FEATURE:0cxx_binary_literals
    Feature record: CXX_FEATURE:1cxx_constexpr
    Feature record: CXX_FEATURE:0cxx_contextual_conversions
    Feature record: CXX_FEATURE:1cxx_decltype
    Feature record: CXX_FEATURE:0cxx_decltype_auto
    Feature record: CXX_FEATURE:1cxx_decltype_incomplete_return_types
    Feature record: CXX_FEATURE:1cxx_default_function_template_args
    Feature record: CXX_FEATURE:1cxx_defaulted_functions
    Feature record: CXX_FEATURE:1cxx_defaulted_move_initializers
    Feature record: CXX_FEATURE:1cxx_delegating_constructors
    Feature record: CXX_FEATURE:1cxx_deleted_functions
    Feature record: CXX_FEATURE:0cxx_digit_separators
    Feature record: CXX_FEATURE:1cxx_enum_forward_declarations
    Feature record: CXX_FEATURE:1cxx_explicit_conversions
    Feature record: CXX_FEATURE:1cxx_extended_friend_declarations
    Feature record: CXX_FEATURE:1cxx_extern_templates
    Feature record: CXX_FEATURE:1cxx_final
    Feature record: CXX_FEATURE:1cxx_func_identifier
    Feature record: CXX_FEATURE:1cxx_generalized_initializers
    Feature record: CXX_FEATURE:0cxx_generic_lambdas
    Feature record: CXX_FEATURE:1cxx_inheriting_constructors
    Feature record: CXX_FEATURE:1cxx_inline_namespaces
    Feature record: CXX_FEATURE:1cxx_lambdas
    Feature record: CXX_FEATURE:0cxx_lambda_init_captures
    Feature record: CXX_FEATURE:1cxx_local_type_template_args
    Feature record: CXX_FEATURE:1cxx_long_long_type
    Feature record: CXX_FEATURE:1cxx_noexcept
    Feature record: CXX_FEATURE:1cxx_nonstatic_member_init
    Feature record: CXX_FEATURE:1cxx_nullptr
    Feature record: CXX_FEATURE:1cxx_override
    Feature record: CXX_FEATURE:1cxx_range_for
    Feature record: CXX_FEATURE:1cxx_raw_string_literals
    Feature record: CXX_FEATURE:1cxx_reference_qualified_functions
    Feature record: CXX_FEATURE:0cxx_relaxed_constexpr
    Feature record: CXX_FEATURE:0cxx_return_type_deduction
    Feature record: CXX_FEATURE:1cxx_right_angle_brackets
    Feature record: CXX_FEATURE:1cxx_rvalue_references
    Feature record: CXX_FEATURE:1cxx_sizeof_member
    Feature record: CXX_FEATURE:1cxx_static_assert
    Feature record: CXX_FEATURE:1cxx_strong_enums
    Feature record: CXX_FEATURE:1cxx_template_template_parameters
    Feature record: CXX_FEATURE:1cxx_thread_local
    Feature record: CXX_FEATURE:1cxx_trailing_return_types
    Feature record: CXX_FEATURE:1cxx_unicode_literals
    Feature record: CXX_FEATURE:1cxx_uniform_initialization
    Feature record: CXX_FEATURE:1cxx_unrestricted_unions
    Feature record: CXX_FEATURE:1cxx_user_literals
    Feature record: CXX_FEATURE:0cxx_variable_templates
    Feature record: CXX_FEATURE:1cxx_variadic_macros
    Feature record: CXX_FEATURE:1cxx_variadic_templates


Detecting CXX [-std=c++11] compiler features compiled with the following output:
Change Dir: /home/thiagohmb/Desktop/OpenGL/ICG-FINAL-PROJECT/build/CMakeFiles/CMakeTmp

Run Build Command:"/usr/bin/make" "cmTryCompileExec3366813002/fast"
/usr/bin/make -f CMakeFiles/cmTryCompileExec3366813002.dir/build.make CMakeFiles/cmTryCompileExec3366813002.dir/build
make[1]: Entering directory `/home/thiagohmb/Desktop/OpenGL/ICG-FINAL-PROJECT/build/CMakeFiles/CMakeTmp'
/usr/bin/cmake -E cmake_progress_report /home/thiagohmb/Desktop/OpenGL/ICG-FINAL-PROJECT/build/CMakeFiles/CMakeTmp/CMakeFiles 1
Building CXX object CMakeFiles/cmTryCompileExec3366813002.dir/feature_tests.cxx.o
/usr/bin/g++    -std=c++11 -o CMakeFiles/cmTryCompileExec3366813002.dir/feature_tests.cxx.o -c /home/thiagohmb/Desktop/OpenGL/ICG-FINAL-PROJECT/build/CMakeFiles/feature_tests.cxx
Linking CXX executable cmTryCompileExec3366813002
/usr/bin/cmake -E cmake_link_script CMakeFiles/cmTryCompileExec3366813002.dir/link.txt --verbose=1
/usr/bin/g++        CMakeFiles/cmTryCompileExec3366813002.dir/feature_tests.cxx.o  -o cmTryCompileExec3366813002 -rdynamic 
make[1]: Leaving directory `/home/thiagohmb/Desktop/OpenGL/ICG-FINAL-PROJECT/build/CMakeFiles/CMakeTmp'


    Feature record: CXX_FEATURE:0cxx_aggregate_default_initializers
    Feature record: CXX_FEATURE:1cxx_alias_templates
    Feature record: CXX_FEATURE:1cxx_alignas
    Feature record: CXX_FEATURE:1cxx_alignof
    Feature record: CXX_FEATURE:1cxx_attributes
    Feature record: CXX_FEATURE:0cxx_attribute_deprecated
    Feature record: CXX_FEATURE:1cxx_auto_type
    Feature record: CXX_FEATURE:0cxx_binary_literals
    Feature record: CXX_FEATURE:1cxx_constexpr
    Feature record: CXX_FEATURE:0cxx_contextual_conversions
    Feature record: CXX_FEATURE:1cxx_decltype
    Feature record: CXX_FEATURE:0cxx_decltype_auto
    Feature record: CXX_FEATURE:1cxx_decltype_incomplete_return_types
    Feature record: CXX_FEATURE:1cxx_default_function_template_args
    Feature record: CXX_FEATURE:1cxx_defaulted_functions
    Feature record: CXX_FEATURE:1cxx_defaulted_move_initializers
    Feature record: CXX_FEATURE:1cxx_delegating_constructors
    Feature record: CXX_FEATURE:1cxx_deleted_functions
    Feature record: CXX_FEATURE:0cxx_digit_separators
    Feature record: CXX_FEATURE:1cxx_enum_forward_declarations
    Feature record: CXX_FEATURE:1cxx_explicit_conversions
    Feature record: CXX_FEATURE:1cxx_extended_friend_declarations
    Feature record: CXX_FEATURE:1cxx_extern_templates
    Feature record: CXX_FEATURE:1cxx_final
    Feature record: CXX_FEATURE:1cxx_func_identifier
    Feature record: CXX_FEATURE:1cxx_generalized_initializers
    Feature record: CXX_FEATURE:0cxx_generic_lambdas
    Feature record: CXX_FEATURE:1cxx_inheriting_constructors
    Feature record: CXX_FEATURE:1cxx_inline_namespaces
    Feature record: CXX_FEATURE:1cxx_lambdas
    Feature record: CXX_FEATURE:0cxx_lambda_init_captures
    Feature record: CXX_FEATURE:1cxx_local_type_template_args
    Feature record: CXX_FEATURE:1cxx_long_long_type
    Feature record: CXX_FEATURE:1cxx_noexcept
    Feature record: CXX_FEATURE:1cxx_nonstatic_member_init
    Feature record: CXX_FEATURE:1cxx_nullptr
    Feature record: CXX_FEATURE:1cxx_override
    Feature record: CXX_FEATURE:1cxx_range_for
    Feature record: CXX_FEATURE:1cxx_raw_string_literals
    Feature record: CXX_FEATURE:1cxx_reference_qualified_functions
    Feature record: CXX_FEATURE:0cxx_relaxed_constexpr
    Feature record: CXX_FEATURE:0cxx_return_type_deduction
    Feature record: CXX_FEATURE:1cxx_right_angle_brackets
    Feature record: CXX_FEATURE:1cxx_rvalue_references
    Feature record: CXX_FEATURE:1cxx_sizeof_member
    Feature record: CXX_FEATURE:1cxx_static_assert
    Feature record: CXX_FEATURE:1cxx_strong_enums
    Feature record: CXX_FEATURE:1cxx_template_template_parameters
    Feature record: CXX_FEATURE:1cxx_thread_local
    Feature record: CXX_FEATURE:1cxx_trailing_return_types
    Feature record: CXX_FEATURE:1cxx_unicode_literals
    Feature record: CXX_FEATURE:1cxx_uniform_initialization
    Feature record: CXX_FEATURE:1cxx_unrestricted_unions
    Feature record: CXX_FEATURE:1cxx_user_literals
    Feature record: CXX_FEATURE:0cxx_variable_templates
    Feature record: CXX_FEATURE:1cxx_variadic_macros
    Feature record: CXX_FEATURE:1cxx_variadic_templates


Detecting CXX [-std=c++98] compiler features compiled with the following output:
Change Dir: /home/thiagohmb/Desktop/OpenGL/ICG-FINAL-PROJECT/build/CMakeFiles/CMakeTmp

Run Build Command:"/usr/bin/make" "cmTryCompileExec1703620778/fast"
/usr/bin/make -f CMakeFiles/cmTryCompileExec1703620778.dir/build.make CMakeFiles/cmTryCompileExec1703620778.dir/build
make[1]: Entering directory `/home/thiagohmb/Desktop/OpenGL/ICG-FINAL-PROJECT/build/CMakeFiles/CMakeTmp'
/usr/bin/cmake -E cmake_progress_report /home/thiagohmb/Desktop/OpenGL/ICG-FINAL-PROJECT/build/CMakeFiles/CMakeTmp/CMakeFiles 1
Building CXX object CMakeFiles/cmTryCompileExec1703620778.dir/feature_tests.cxx.o
/usr/bin/g++    -std=c++98 -o CMakeFiles/cmTryCompileExec1703620778.dir/feature_tests.cxx.o -c /home/thiagohmb/Desktop/OpenGL/ICG-FINAL-PROJECT/build/CMakeFiles/feature_tests.cxx
Linking CXX executable cmTryCompileExec1703620778
/usr/bin/cmake -E cmake_link_script CMakeFiles/cmTryCompileExec1703620778.dir/link.txt --verbose=1
/usr/bin/g++        CMakeFiles/cmTryCompileExec1703620778.dir/feature_tests.cxx.o  -o cmTryCompileExec1703620778 -rdynamic 
make[1]: Leaving directory `/home/thiagohmb/Desktop/OpenGL/ICG-FINAL-PROJECT/build/CMakeFiles/CMakeTmp'


    Feature record: CXX_FEATURE:0cxx_aggregate_default_initializers
    Feature record: CXX_FEATURE:0cxx_alias_templates
    Feature record: CXX_FEATURE:0cxx_alignas
    Feature record: CXX_FEATURE:0cxx_alignof
    Feature record: CXX_FEATURE:0cxx_attributes
    Feature record: CXX_FEATURE:0cxx_attribute_deprecated
    Feature record: CXX_FEATURE:0cxx_auto_type
    Feature record: CXX_FEATURE:0cxx_binary_literals
    Feature record: CXX_FEATURE:0cxx_constexpr
    Feature record: CXX_FEATURE:0cxx_contextual_conversions
    Feature record: CXX_FEATURE:0cxx_decltype
    Feature record: CXX_FEATURE:0cxx_decltype_auto
    Feature record: CXX_FEATURE:0cxx_decltype_incomplete_return_types
    Feature record: CXX_FEATURE:0cxx_default_function_template_args
    Feature record: CXX_FEATURE:0cxx_defaulted_functions
    Feature record: CXX_FEATURE:0cxx_defaulted_move_initializers
    Feature record: CXX_FEATURE:0cxx_delegating_constructors
    Feature record: CXX_FEATURE:0cxx_deleted_functions
    Feature record: CXX_FEATURE:0cxx_digit_separators
    Feature record: CXX_FEATURE:0cxx_enum_forward_declarations
    Feature record: CXX_FEATURE:0cxx_explicit_conversions
    Feature record: CXX_FEATURE:0cxx_extended_friend_declarations
    Feature record: CXX_FEATURE:0cxx_extern_templates
    Feature record: CXX_FEATURE:0cxx_final
    Feature record: CXX_FEATURE:0cxx_func_identifier
    Feature record: CXX_FEATURE:0cxx_generalized_initializers
    Feature record: CXX_FEATURE:0cxx_generic_lambdas
    Feature record: CXX_FEATURE:0cxx_inheriting_constructors
    Feature record: CXX_FEATURE:0cxx_inline_namespaces
    Feature record: CXX_FEATURE:0cxx_lambdas
    Feature record: CXX_FEATURE:0cxx_lambda_init_captures
    Feature record: CXX_FEATURE:0cxx_local_type_template_args
    Feature record: CXX_FEATURE:0cxx_long_long_type
    Feature record: CXX_FEATURE:0cxx_noexcept
    Feature record: CXX_FEATURE:0cxx_nonstatic_member_init
    Feature record: CXX_FEATURE:0cxx_nullptr
    Feature record: CXX_FEATURE:0cxx_override
    Feature record: CXX_FEATURE:0cxx_range_for
    Feature record: CXX_FEATURE:0cxx_raw_string_literals
    Feature record: CXX_FEATURE:0cxx_reference_qualified_functions
    Feature record: CXX_FEATURE:0cxx_relaxed_constexpr
    Feature record: CXX_FEATURE:0cxx_return_type_deduction
    Feature record: CXX_FEATURE:0cxx_right_angle_brackets
    Feature record: CXX_FEATURE:0cxx_rvalue_references
    Feature record: CXX_FEATURE:0cxx_sizeof_member
    Feature record: CXX_FEATURE:0cxx_static_assert
    Feature record: CXX_FEATURE:0cxx_strong_enums
    Feature record: CXX_FEATURE:1cxx_template_template_parameters
    Feature record: CXX_FEATURE:0cxx_thread_local
    Feature record: CXX_FEATURE:0cxx_trailing_return_types
    Feature record: CXX_FEATURE:0cxx_unicode_literals
    Feature record: CXX_FEATURE:0cxx_uniform_initialization
    Feature record: CXX_FEATURE:0cxx_unrestricted_unions
    Feature record: CXX_FEATURE:0cxx_user_literals
    Feature record: CXX_FEATURE:0cxx_variable_templates
    Feature record: CXX_FEATURE:0cxx_variadic_macros
    Feature record: CXX_FEATURE:0cxx_variadic_templates
Determining if the function XOpenDisplay exists in the /usr/lib/x86_64-linux-gnu/libX11.so;/usr/lib/x86_64-linux-gnu/libXext.so passed with the following output:
Change Dir: /home/thiagohmb/Desktop/OpenGL/ICG-FINAL-PROJECT/build/CMakeFiles/CMakeTmp

Run Build Command:"/usr/bin/make" "cmTryCompileExec4029049370/fast"
/usr/bin/make -f CMakeFiles/cmTryCompileExec4029049370.dir/build.make CMakeFiles/cmTryCompileExec4029049370.dir/build
make[1]: Entering directory `/home/thiagohmb/Desktop/OpenGL/ICG-FINAL-PROJECT/build/CMakeFiles/CMakeTmp'
/usr/bin/cmake -E cmake_progress_report /home/thiagohmb/Desktop/OpenGL/ICG-FINAL-PROJECT/build/CMakeFiles/CMakeTmp/CMakeFiles 1
Building C object CMakeFiles/cmTryCompileExec4029049370.dir/CheckFunctionExists.c.o
/usr/bin/gcc   -DCHECK_FUNCTION_EXISTS=XOpenDisplay   -o CMakeFiles/cmTryCompileExec4029049370.dir/CheckFunctionExists.c.o   -c /usr/share/cmake-3.2/Modules/CheckFunctionExists.c
Linking C executable cmTryCompileExec4029049370
/usr/bin/cmake -E cmake_link_script CMakeFiles/cmTryCompileExec4029049370.dir/link.txt --verbose=1
/usr/bin/gcc   -DCHECK_FUNCTION_EXISTS=XOpenDisplay    CMakeFiles/cmTryCompileExec4029049370.dir/CheckFunctionExists.c.o  -o cmTryCompileExec4029049370 -rdynamic -lX11 -lXext 
make[1]: Leaving directory `/home/thiagohmb/Desktop/OpenGL/ICG-FINAL-PROJECT/build/CMakeFiles/CMakeTmp'


Determining if the function gethostbyname exists passed with the following output:
Change Dir: /home/thiagohmb/Desktop/OpenGL/ICG-FINAL-PROJECT/build/CMakeFiles/CMakeTmp

Run Build Command:"/usr/bin/make" "cmTryCompileExec1956467022/fast"
/usr/bin/make -f CMakeFiles/cmTryCompileExec1956467022.dir/build.make CMakeFiles/cmTryCompileExec1956467022.dir/build
make[1]: Entering directory `/home/thiagohmb/Desktop/OpenGL/ICG-FINAL-PROJECT/build/CMakeFiles/CMakeTmp'
/usr/bin/cmake -E cmake_progress_report /home/thiagohmb/Desktop/OpenGL/ICG-FINAL-PROJECT/build/CMakeFiles/CMakeTmp/CMakeFiles 1
Building C object CMakeFiles/cmTryCompileExec1956467022.dir/CheckFunctionExists.c.o
/usr/bin/gcc   -DCHECK_FUNCTION_EXISTS=gethostbyname   -o CMakeFiles/cmTryCompileExec1956467022.dir/CheckFunctionExists.c.o   -c /usr/share/cmake-3.2/Modules/CheckFunctionExists.c
Linking C executable cmTryCompileExec1956467022
/usr/bin/cmake -E cmake_link_script CMakeFiles/cmTryCompileExec1956467022.dir/link.txt --verbose=1
/usr/bin/gcc   -DCHECK_FUNCTION_EXISTS=gethostbyname    CMakeFiles/cmTryCompileExec1956467022.dir/CheckFunctionExists.c.o  -o cmTryCompileExec1956467022 -rdynamic 
make[1]: Leaving directory `/home/thiagohmb/Desktop/OpenGL/ICG-FINAL-PROJECT/build/CMakeFiles/CMakeTmp'


Determining if the function connect exists passed with the following output:
Change Dir: /home/thiagohmb/Desktop/OpenGL/ICG-FINAL-PROJECT/build/CMakeFiles/CMakeTmp

Run Build Command:"/usr/bin/make" "cmTryCompileExec3835915772/fast"
/usr/bin/make -f CMakeFiles/cmTryCompileExec3835915772.dir/build.make CMakeFiles/cmTryCompileExec3835915772.dir/build
make[1]: Entering directory `/home/thiagohmb/Desktop/OpenGL/ICG-FINAL-PROJECT/build/CMakeFiles/CMakeTmp'
/usr/bin/cmake -E cmake_progress_report /home/thiagohmb/Desktop/OpenGL/ICG-FINAL-PROJECT/build/CMakeFiles/CMakeTmp/CMakeFiles 1
Building C object CMakeFiles/cmTryCompileExec3835915772.dir/CheckFunctionExists.c.o
/usr/bin/gcc   -DCHECK_FUNCTION_EXISTS=connect   -o CMakeFiles/cmTryCompileExec3835915772.dir/CheckFunctionExists.c.o   -c /usr/share/cmake-3.2/Modules/CheckFunctionExists.c
Linking C executable cmTryCompileExec3835915772
/usr/bin/cmake -E cmake_link_script CMakeFiles/cmTryCompileExec3835915772.dir/link.txt --verbose=1
/usr/bin/gcc   -DCHECK_FUNCTION_EXISTS=connect    CMakeFiles/cmTryCompileExec3835915772.dir/CheckFunctionExists.c.o  -o cmTryCompileExec3835915772 -rdynamic 
make[1]: Leaving directory `/home/thiagohmb/Desktop/OpenGL/ICG-FINAL-PROJECT/build/CMakeFiles/CMakeTmp'


Determining if the function remove exists passed with the following output:
Change Dir: /home/thiagohmb/Desktop/OpenGL/ICG-FINAL-PROJECT/build/CMakeFiles/CMakeTmp

Run Build Command:"/usr/bin/make" "cmTryCompileExec3069814570/fast"
/usr/bin/make -f CMakeFiles/cmTryCompileExec3069814570.dir/build.make CMakeFiles/cmTryCompileExec3069814570.dir/build
make[1]: Entering directory `/home/thiagohmb/Desktop/OpenGL/ICG-FINAL-PROJECT/build/CMakeFiles/CMakeTmp'
/usr/bin/cmake -E cmake_progress_report /home/thiagohmb/Desktop/OpenGL/ICG-FINAL-PROJECT/build/CMakeFiles/CMakeTmp/CMakeFiles 1
Building C object CMakeFiles/cmTryCompileExec3069814570.dir/CheckFunctionExists.c.o
/usr/bin/gcc   -DCHECK_FUNCTION_EXISTS=remove   -o CMakeFiles/cmTryCompileExec3069814570.dir/CheckFunctionExists.c.o   -c /usr/share/cmake-3.2/Modules/CheckFunctionExists.c
Linking C executable cmTryCompileExec3069814570
/usr/bin/cmake -E cmake_link_script CMakeFiles/cmTryCompileExec3069814570.dir/link.txt --verbose=1
/usr/bin/gcc   -DCHECK_FUNCTION_EXISTS=remove    CMakeFiles/cmTryCompileExec3069814570.dir/CheckFunctionExists.c.o  -o cmTryCompileExec3069814570 -rdynamic 
make[1]: Leaving directory `/home/thiagohmb/Desktop/OpenGL/ICG-FINAL-PROJECT/build/CMakeFiles/CMakeTmp'


Determining if the function shmat exists passed with the following output:
Change Dir: /home/thiagohmb/Desktop/OpenGL/ICG-FINAL-PROJECT/build/CMakeFiles/CMakeTmp

Run Build Command:"/usr/bin/make" "cmTryCompileExec3290149602/fast"
/usr/bin/make -f CMakeFiles/cmTryCompileExec3290149602.dir/build.make CMakeFiles/cmTryCompileExec3290149602.dir/build
make[1]: Entering directory `/home/thiagohmb/Desktop/OpenGL/ICG-FINAL-PROJECT/build/CMakeFiles/CMakeTmp'
/usr/bin/cmake -E cmake_progress_report /home/thiagohmb/Desktop/OpenGL/ICG-FINAL-PROJECT/build/CMakeFiles/CMakeTmp/CMakeFiles 1
Building C object CMakeFiles/cmTryCompileExec3290149602.dir/CheckFunctionExists.c.o
/usr/bin/gcc   -DCHECK_FUNCTION_EXISTS=shmat   -o CMakeFiles/cmTryCompileExec3290149602.dir/CheckFunctionExists.c.o   -c /usr/share/cmake-3.2/Modules/CheckFunctionExists.c
Linking C executable cmTryCompileExec3290149602
/usr/bin/cmake -E cmake_link_script CMakeFiles/cmTryCompileExec3290149602.dir/link.txt --verbose=1
/usr/bin/gcc   -DCHECK_FUNCTION_EXISTS=shmat    CMakeFiles/cmTryCompileExec3290149602.dir/CheckFunctionExists.c.o  -o cmTryCompileExec3290149602 -rdynamic 
make[1]: Leaving directory `/home/thiagohmb/Desktop/OpenGL/ICG-FINAL-PROJECT/build/CMakeFiles/CMakeTmp'


Determining if the function IceConnectionNumber exists in the ICE passed with the following output:
Change Dir: /home/thiagohmb/Desktop/OpenGL/ICG-FINAL-PROJECT/build/CMakeFiles/CMakeTmp

Run Build Command:"/usr/bin/make" "cmTryCompileExec2626493183/fast"
/usr/bin/make -f CMakeFiles/cmTryCompileExec2626493183.dir/build.make CMakeFiles/cmTryCompileExec2626493183.dir/build
make[1]: Entering directory `/home/thiagohmb/Desktop/OpenGL/ICG-FINAL-PROJECT/build/CMakeFiles/CMakeTmp'
/usr/bin/cmake -E cmake_progress_report /home/thiagohmb/Desktop/OpenGL/ICG-FINAL-PROJECT/build/CMakeFiles/CMakeTmp/CMakeFiles 1
Building C object CMakeFiles/cmTryCompileExec2626493183.dir/CheckFunctionExists.c.o
/usr/bin/gcc   -DCHECK_FUNCTION_EXISTS=IceConnectionNumber   -o CMakeFiles/cmTryCompileExec2626493183.dir/CheckFunctionExists.c.o   -c /usr/share/cmake-3.2/Modules/CheckFunctionExists.c
Linking C executable cmTryCompileExec2626493183
/usr/bin/cmake -E cmake_link_script CMakeFiles/cmTryCompileExec2626493183.dir/link.txt --verbose=1
/usr/bin/gcc   -DCHECK_FUNCTION_EXISTS=IceConnectionNumber    CMakeFiles/cmTryCompileExec2626493183.dir/CheckFunctionExists.c.o  -o cmTryCompileExec2626493183 -rdynamic -lICE 
make[1]: Leaving directory `/home/thiagohmb/Desktop/OpenGL/ICG-FINAL-PROJECT/build/CMakeFiles/CMakeTmp'


